<?xml version="1.0" encoding="UTF-8"?>
<!-- Generated by org.testng.reporters.JUnitXMLReporter -->
<testsuite ignored="0" hostname="DESKTOP-A3SDNO3" failures="1" tests="1" name="SampleTest" time="14.989" errors="0" timestamp="2021-10-08T09:40:22 IST">
  <testcase classname="com.selenium.training.RecorderScript" name="testParameterWithXML" time="4.017">
    <failure type="atu.testrecorder.exceptions.ATUTestRecorderException">
      <![CDATA[[ATU Test Recorder Exception] .\C:\Users\YASIM.mov (The filename, directory name, or volume label syntax is incorrect)
at atu.testrecorder.ATUTestRecorder.<init>(ATUTestRecorder.java:159)
at com.selenium.training.RecorderScript.testParameterWithXML(RecorderScript.java:58)
at java.base/java.util.ArrayList.forEach(ArrayList.java:1511)
... Removed 27 stack frames]]>
    </failure>
  </testcase> <!-- testParameterWithXML -->
</testsuite> <!-- SampleTest -->
