<?xml version="1.0" encoding="UTF-8"?>
<testng-results skipped="0" failed="0" ignored="0" total="1" passed="1">
  <reporter-output>
  </reporter-output>
  <suite name="SampleSuite" duration-ms="93419" started-at="2021-10-13T09:54:42 IST" finished-at="2021-10-13T09:56:16 IST">
    <groups>
    </groups>
    <test name="testRobot" duration-ms="93419" started-at="2021-10-13T09:54:42 IST" finished-at="2021-10-13T09:56:16 IST">
      <class name="com.selenium.training.Facebook">
        <test-method status="PASS" signature="Itest()[pri:0, instance:com.selenium.training.Facebook@34acbc60]" name="Itest" duration-ms="93321" started-at="2021-10-13T09:54:42 IST" finished-at="2021-10-13T09:56:16 IST">
          <reporter-output>
          </reporter-output>
        </test-method> <!-- Itest -->
      </class> <!-- com.selenium.training.Facebook -->
    </test> <!-- testRobot -->
  </suite> <!-- SampleSuite -->
</testng-results>
