<?xml version="1.0" encoding="UTF-8"?>
<!-- Generated by org.testng.reporters.JUnitXMLReporter -->
<testsuite ignored="0" hostname="DESKTOP-A3SDNO3" failures="0" tests="3" name="dropDown" time="95.349" errors="0" timestamp="2021-10-06T15:13:43 IST">
  <testcase classname="com.selenium.training.Dropdown" name="dropDown" time="15.173"/>
  <testcase classname="com.selenium.training.Facebook" name="Itest" time="29.097"/>
  <testcase classname="com.selenium.training.LoginTest" name="Itest" time="37.063"/>
</testsuite> <!-- dropDown -->
